TN:
SF:src\App.tsx
FN:1,(empty-report)
FNF:1
FNH:0
FNDA:0,(empty-report)
DA:1,0
DA:2,0
DA:5,0
DA:6,0
DA:7,0
DA:9,0
DA:10,0
DA:11,0
DA:12,0
DA:13,0
DA:14,0
DA:15,0
DA:16,0
DA:17,0
DA:19,0
DA:21,0
DA:22,0
DA:25,0
DA:26,0
DA:27,0
DA:28,0
DA:29,0
DA:30,0
DA:31,0
DA:34,0
DA:35,0
DA:36,0
DA:38,0
DA:39,0
DA:40,0
DA:42,0
DA:43,0
DA:44,0
DA:45,0
DA:46,0
DA:47,0
DA:49,0
DA:50,0
DA:51,0
DA:52,0
DA:53,0
DA:54,0
DA:55,0
DA:57,0
LF:44
LH:0
BRDA:1,0,0,0
BRF:1
BRH:0
end_of_record
TN:
SF:src\Detail.tsx
FN:22,Detail
FN:64,onClick
FNF:2
FNH:1
FNDA:2,Detail
FNDA:0,onClick
DA:1,1
DA:2,1
DA:4,1
DA:22,2
DA:23,2
DA:24,2
DA:25,2
DA:26,2
DA:28,2
DA:29,1
DA:30,1
DA:31,1
DA:33,1
DA:34,1
DA:35,1
DA:36,1
DA:37,1
DA:38,1
DA:39,1
DA:40,1
DA:41,1
DA:42,1
DA:43,0
DA:44,0
DA:45,1
DA:46,2
DA:48,2
DA:49,2
DA:50,2
DA:52,1
DA:54,1
DA:55,1
DA:56,1
DA:57,1
DA:58,1
DA:59,1
DA:60,1
DA:61,2
DA:62,2
DA:64,2
DA:65,2
DA:66,2
DA:68,2
DA:69,2
DA:70,2
DA:71,2
DA:73,2
LF:47
LH:45
BRDA:22,0,0,2
BRDA:48,1,0,1
BRDA:49,2,0,0
BRDA:49,3,0,1
BRDA:50,4,0,0
BRDA:50,5,0,1
BRDA:62,6,0,1
BRDA:65,7,0,1
BRDA:65,8,0,0
BRDA:28,9,0,1
BRDA:29,10,0,0
BRDA:34,11,0,1
BRDA:35,12,0,0
BRDA:38,13,0,1
BRF:14
BRH:9
end_of_record
TN:
SF:src\Favorites.tsx
FN:16,Favorites
FN:56,onClick
FNF:2
FNH:1
FNDA:5,Favorites
FNDA:0,onClick
DA:1,1
DA:2,1
DA:4,1
DA:16,5
DA:17,5
DA:18,5
DA:19,5
DA:21,5
DA:22,2
DA:23,1
DA:24,1
DA:25,1
DA:26,1
DA:27,1
DA:29,1
DA:30,1
DA:31,1
DA:32,1
DA:33,1
DA:34,1
DA:35,1
DA:36,1
DA:37,1
DA:38,1
DA:39,1
DA:40,0
DA:41,0
DA:42,1
DA:43,5
DA:45,5
DA:46,5
DA:47,5
DA:49,2
DA:50,2
DA:51,2
DA:52,2
DA:53,2
DA:54,2
DA:55,2
DA:56,2
DA:57,2
DA:58,2
DA:59,2
DA:60,2
DA:62,2
LF:45
LH:43
BRDA:16,0,0,5
BRDA:45,1,0,2
BRDA:45,2,0,3
BRDA:46,3,0,1
BRDA:46,4,0,2
BRDA:47,5,0,0
BRDA:47,6,0,2
BRDA:21,7,0,2
BRDA:22,8,0,1
BRDA:30,9,0,1
BRDA:31,10,0,0
BRDA:34,11,0,1
BRDA:35,12,0,0
BRDA:53,13,0,2
BRF:14
BRH:11
end_of_record
TN:
SF:src\Home.tsx
FN:17,Home
FN:56,onChange
FN:76,onClick
FN:85,onClick
FN:89,onClick
FNF:5
FNH:2
FNDA:5,Home
FNDA:0,onChange
FNDA:1,onClick
FNDA:0,onClick
FNDA:0,onClick
DA:1,1
DA:2,1
DA:4,1
DA:17,5
DA:18,5
DA:19,5
DA:20,5
DA:21,5
DA:22,5
DA:24,5
DA:25,3
DA:26,3
DA:28,3
DA:29,3
DA:30,3
DA:32,3
DA:33,3
DA:34,3
DA:35,3
DA:36,3
DA:37,3
DA:38,3
DA:39,3
DA:40,3
DA:41,3
DA:42,0
DA:43,0
DA:44,0
DA:45,3
DA:46,5
DA:48,5
DA:49,5
DA:50,5
DA:52,5
DA:53,5
DA:54,5
DA:55,5
DA:56,5
DA:57,0
DA:58,0
DA:59,0
DA:60,5
DA:61,5
DA:62,5
DA:64,5
DA:65,5
DA:66,5
DA:68,5
DA:69,5
DA:70,4
DA:71,4
DA:72,4
DA:73,4
DA:74,4
DA:75,4
DA:76,4
DA:77,4
DA:78,4
DA:79,4
DA:81,5
DA:82,5
DA:84,5
DA:85,5
DA:87,5
DA:88,5
DA:89,5
DA:90,5
DA:91,5
DA:93,5
LF:69
LH:63
BRDA:17,0,0,5
BRDA:64,1,0,3
BRDA:65,2,0,0
BRDA:66,3,0,2
BRDA:66,4,0,2
BRDA:66,5,0,0
BRDA:24,6,0,3
BRDA:29,7,0,0
BRDA:33,8,0,3
BRDA:34,9,0,0
BRDA:37,10,0,3
BRDA:38,11,0,0
BRDA:69,12,0,4
BRDA:77,13,0,0
BRDA:76,14,0,1
BRF:15
BRH:9
end_of_record
TN:
SF:src\main.tsx
FN:1,(empty-report)
FNF:1
FNH:0
FNDA:0,(empty-report)
DA:1,0
DA:2,0
DA:3,0
DA:4,0
DA:5,0
DA:8,0
DA:9,0
DA:10,0
DA:11,0
DA:12,0
DA:13,0
DA:14,0
DA:15,0
LF:13
LH:0
BRDA:1,0,0,0
BRF:1
BRH:0
end_of_record
